<?xml version="1.0" encoding="UTF-8"?>
<!-- Generated by org.testng.reporters.JUnitXMLReporter -->
<testsuite ignored="0" hostname="ShwetaSangolkar" failures="0" tests="3" name="Default test(failed)" time="2.259" errors="0" timestamp="2023-03-15T18:12:53 SAST">
  <testcase classname="com.sauce.qa.testpage.LoginPageTest" name="@BeforeMethod setUp" time="2.194">
    <failure type="org.openqa.selenium.remote.http.ConnectionFailedException" message="Unable to establish websocket connection to http://localhost:63868/devtools/browser/73620444-70a3-4e62-8754-ebf2b4b5ecc3
Build info: version: &amp;apos;4.8.1&amp;apos;, revision: &amp;apos;8ebccac989&amp;apos;
System info: os.name: &amp;apos;Windows 11&amp;apos;, os.arch: &amp;apos;amd64&amp;apos;, os.version: &amp;apos;10.0&amp;apos;, java.version: &amp;apos;17.0.5&amp;apos;
Driver info: driver.version: ChromeDriver">
      <![CDATA[org.openqa.selenium.remote.http.ConnectionFailedException: Unable to establish websocket connection to http://localhost:63868/devtools/browser/73620444-70a3-4e62-8754-ebf2b4b5ecc3
Build info: version: '4.8.1', revision: '8ebccac989'
System info: os.name: 'Windows 11', os.arch: 'amd64', os.version: '10.0', java.version: '17.0.5'
Driver info: driver.version: ChromeDriver
at org.openqa.selenium.remote.http.netty.NettyWebSocket.<init>(NettyWebSocket.java:102)
at org.openqa.selenium.remote.http.netty.NettyWebSocket.lambda$create$3(NettyWebSocket.java:128)
at org.openqa.selenium.remote.http.netty.NettyClient.openSocket(NettyClient.java:107)
at org.openqa.selenium.devtools.Connection.<init>(Connection.java:78)
at org.openqa.selenium.chromium.ChromiumDriver.lambda$new$2(ChromiumDriver.java:116)
at java.base/java.util.Optional.map(Optional.java:260)
at org.openqa.selenium.chromium.ChromiumDriver.<init>(ChromiumDriver.java:114)
at org.openqa.selenium.chrome.ChromeDriver.<init>(ChromeDriver.java:82)
at org.openqa.selenium.chrome.ChromeDriver.<init>(ChromeDriver.java:50)
at com.sauce.qa.base.Base.initialization(Base.java:43)
at com.sauce.qa.testpage.LoginPageTest.setUp(LoginPageTest.java:23)
at java.base/java.util.ArrayList.forEach(ArrayList.java:1511)
... Removed 31 stack frames]]>
    </failure>
  </testcase> <!-- @BeforeMethod setUp -->
  <testcase classname="com.sauce.qa.testpage.LoginPageTest" name="@AfterMethod tearDown" time="-1.678896773548E9">
    <skipped/>
  </testcase> <!-- @AfterMethod tearDown -->
  <testcase classname="com.sauce.qa.testpage.LoginPageTest" name="@BeforeMethod setUp" time="-1.67889677355E9">
    <skipped/>
  </testcase> <!-- @BeforeMethod setUp -->
  <testcase classname="com.sauce.qa.testpage.LoginPageTest" name="@AfterMethod tearDown" time="-1.678896773554E9">
    <skipped/>
  </testcase> <!-- @AfterMethod tearDown -->
  <testcase classname="com.sauce.qa.testpage.LoginPageTest" name="@BeforeMethod setUp" time="-1.678896773558E9">
    <skipped/>
  </testcase> <!-- @BeforeMethod setUp -->
  <testcase classname="com.sauce.qa.testpage.LoginPageTest" name="@AfterMethod tearDown" time="-1.678896773564E9">
    <skipped/>
  </testcase> <!-- @AfterMethod tearDown -->
  <testcase classname="com.sauce.qa.testpage.LoginPageTest" name="validateLoginPageWithInValidDataTest" time="0.0">
    <skipped/>
  </testcase> <!-- validateLoginPageWithInValidDataTest -->
  <testcase classname="com.sauce.qa.testpage.LoginPageTest" name="validateLoginPageWithValidDataTest" time="0.0">
    <skipped/>
  </testcase> <!-- validateLoginPageWithValidDataTest -->
  <testcase classname="com.sauce.qa.testpage.LoginPageTest" name="validateLoginPageTitleTest" time="0.0">
    <skipped/>
  </testcase> <!-- validateLoginPageTitleTest -->
</testsuite> <!-- Default test(failed) -->
